<?xml version="1.0" encoding="UTF-8"?>
<!-- Generated by org.testng.reporters.JUnitReportReporter -->
<testsuite hostname="Padma" failures="0" tests="1" name="org.jenkins.SampleClass" time="15.903" errors="0" timestamp="2023-05-17T18:28:50 IST" skipped="0">
  <testcase classname="org.jenkins.SampleClass" name="tc01" time="15.903"/>
  <system-out/>
</testsuite> <!-- org.jenkins.SampleClass -->
