<?xml version="1.0" encoding="UTF-8"?>
<!-- Generated by org.testng.reporters.JUnitReportReporter -->
<testsuite hostname="Padma" failures="0" tests="10" name="org.test.Sample" time="0.004" errors="0" timestamp="2023-05-10T23:39:52 IST" skipped="2">
  <testcase classname="org.test.Sample" name="tc03" time="0.000"/>
  <system-out/>
  <testcase classname="org.test.Sample" name="tc03" time="0.000"/>
  <system-out/>
  <testcase classname="org.test.Sample" name="tc03" time="0.000"/>
  <system-out/>
  <testcase classname="org.test.Sample" name="tc03" time="0.000"/>
  <system-out/>
  <testcase classname="org.test.Sample" name="tc05" time="0.001"/>
  <system-out/>
  <testcase classname="org.test.Sample" name="tc02" time="0.000"/>
  <system-out/>
  <testcase classname="org.test.Sample" name="tc01" time="0.000"/>
  <system-out/>
  <testcase classname="org.test.Sample" name="tc01" time="0.003"/>
  <system-out/>
  <testcase classname="org.test.Sample" name="tc06">
    <skipped/>
  </testcase> <!-- tc06 -->
  <system-out/>
  <testcase classname="org.test.Sample" name="tc04">
    <skipped/>
  </testcase> <!-- tc04 -->
  <system-out/>
</testsuite> <!-- org.test.Sample -->
